c:\users\user\documents\github\dx11_2d_gameengine\project\dx11_2d_gameengine_lib\x64\release\dx11_2d_gameengine_lib_release.pch
c:\users\user\documents\github\dx11_2d_gameengine\external\library\dx11_2d_gameengine_lib\release\dx11_2d_gameengine_lib_release.pdb
c:\users\user\documents\github\dx11_2d_gameengine\project\dx11_2d_gameengine_lib\x64\release\stdafx.obj
c:\users\user\documents\github\dx11_2d_gameengine\project\dx11_2d_gameengine_lib\x64\release\vertexshader.obj
c:\users\user\documents\github\dx11_2d_gameengine\project\dx11_2d_gameengine_lib\x64\release\vertexbuffer.obj
c:\users\user\documents\github\dx11_2d_gameengine\project\dx11_2d_gameengine_lib\x64\release\shadermanager.obj
c:\users\user\documents\github\dx11_2d_gameengine\project\dx11_2d_gameengine_lib\x64\release\program.obj
c:\users\user\documents\github\dx11_2d_gameengine\project\dx11_2d_gameengine_lib\x64\release\vector4.obj
c:\users\user\documents\github\dx11_2d_gameengine\project\dx11_2d_gameengine_lib\x64\release\vector3.obj
c:\users\user\documents\github\dx11_2d_gameengine\project\dx11_2d_gameengine_lib\x64\release\vector2.obj
c:\users\user\documents\github\dx11_2d_gameengine\project\dx11_2d_gameengine_lib\x64\release\quaternion.obj
c:\users\user\documents\github\dx11_2d_gameengine\project\dx11_2d_gameengine_lib\x64\release\matrix.obj
c:\users\user\documents\github\dx11_2d_gameengine\project\dx11_2d_gameengine_lib\x64\release\math.obj
c:\users\user\documents\github\dx11_2d_gameengine\project\dx11_2d_gameengine_lib\x64\release\color4.obj
c:\users\user\documents\github\dx11_2d_gameengine\project\dx11_2d_gameengine_lib\x64\release\inputlayout.obj
c:\users\user\documents\github\dx11_2d_gameengine\project\dx11_2d_gameengine_lib\x64\release\indexbuffer.obj
c:\users\user\documents\github\dx11_2d_gameengine\project\dx11_2d_gameengine_lib\x64\release\ishader.obj
c:\users\user\documents\github\dx11_2d_gameengine\project\dx11_2d_gameengine_lib\x64\release\graphics.obj
c:\users\user\documents\github\dx11_2d_gameengine\project\dx11_2d_gameengine_lib\x64\release\filestream.obj
c:\users\user\documents\github\dx11_2d_gameengine\project\dx11_2d_gameengine_lib\x64\release\filemanager.obj
c:\users\user\documents\github\dx11_2d_gameengine\project\dx11_2d_gameengine_lib\x64\release\engine.obj
c:\users\user\documents\github\dx11_2d_gameengine\external\library\dx11_2d_gameengine_lib\release\constantbuffer.cso
c:\users\user\documents\github\dx11_2d_gameengine\external\library\dx11_2d_gameengine_lib\release\objectshader.cso
c:\users\user\documents\github\dx11_2d_gameengine\external\library\dx11_2d_gameengine_lib\release\vertexstruct.cso
c:\users\user\documents\github\dx11_2d_gameengine\external\library\dx11_2d_gameengine_lib\release\dx11_2d_gameengine_lib_release.lib
c:\users\user\documents\github\dx11_2d_gameengine\project\dx11_2d_gameengine_lib\x64\release\dx11_2d_.41df7ecb.tlog\cl.command.1.tlog
c:\users\user\documents\github\dx11_2d_gameengine\project\dx11_2d_gameengine_lib\x64\release\dx11_2d_.41df7ecb.tlog\cl.read.1.tlog
c:\users\user\documents\github\dx11_2d_gameengine\project\dx11_2d_gameengine_lib\x64\release\dx11_2d_.41df7ecb.tlog\cl.write.1.tlog
c:\users\user\documents\github\dx11_2d_gameengine\project\dx11_2d_gameengine_lib\x64\release\dx11_2d_.41df7ecb.tlog\fxc.command.1.tlog
c:\users\user\documents\github\dx11_2d_gameengine\project\dx11_2d_gameengine_lib\x64\release\dx11_2d_.41df7ecb.tlog\fxc.read.1.tlog
c:\users\user\documents\github\dx11_2d_gameengine\project\dx11_2d_gameengine_lib\x64\release\dx11_2d_.41df7ecb.tlog\fxc.write.1.tlog
c:\users\user\documents\github\dx11_2d_gameengine\project\dx11_2d_gameengine_lib\x64\release\dx11_2d_.41df7ecb.tlog\lib-link.read.1.tlog
c:\users\user\documents\github\dx11_2d_gameengine\project\dx11_2d_gameengine_lib\x64\release\dx11_2d_.41df7ecb.tlog\lib-link.write.1.tlog
c:\users\user\documents\github\dx11_2d_gameengine\project\dx11_2d_gameengine_lib\x64\release\dx11_2d_.41df7ecb.tlog\lib.command.1.tlog
