FXC : warning X4717: Effects deprecated for D3DCompiler_47
  
  compilation object save succeeded; see C:\Users\User\Documents\GitHub\DX11_2D_GameEngine\External\Library\DX11_2D_GameEngine_Lib\Release\ConstantBuffer.cso
FXC : warning X4717: Effects deprecated for D3DCompiler_47
  
  compilation object save succeeded; see C:\Users\User\Documents\GitHub\DX11_2D_GameEngine\External\Library\DX11_2D_GameEngine_Lib\Release\DrawLineShader.cso
FXC : warning X4717: Effects deprecated for D3DCompiler_47
  
  compilation object save succeeded; see C:\Users\User\Documents\GitHub\DX11_2D_GameEngine\External\Library\DX11_2D_GameEngine_Lib\Release\TextureShader.cso
FXC : warning X4717: Effects deprecated for D3DCompiler_47
  
  compilation object save succeeded; see C:\Users\User\Documents\GitHub\DX11_2D_GameEngine\External\Library\DX11_2D_GameEngine_Lib\Release\VertexStruct.cso
  stdafx.cpp
  ConstantBuffer.cpp
  Editor.cpp
  Engine.cpp
  FileManager.cpp
  FileStream.cpp
  GraphicsManager.cpp
  IndexBuffer.cpp
  InputLayout.cpp
C:\Users\User\Documents\GitHub\DX11_2D_GameEngine\Project\DX11_2D_GameEngine_Lib\InputLayout.cpp(108,2): warning C4267: '인수': 'size_t'에서 'UINT'(으)로 변환하면서 데이터가 손실될 수 있습니다.
  InputManager.cpp
  IShader.cpp
  Color4.cpp
  Math.cpp
  Matrix.cpp
  Quaternion.cpp
  Vector2.cpp
  Vector3.cpp
  Vector4.cpp
  Mesh.cpp
  GameObject.cpp
  PixelShader.cpp
  컴파일하고 있습니다...
  Render.cpp
  ResourceManager.cpp
  Shader.cpp
  ShaderManager.cpp
  Texture.cpp
  TimeManager.cpp
  Transform.cpp
  VertexStruct.cpp
  VertexShader.cpp
  DX11_2D_GameEngine_Lib.vcxproj -> C:\Users\User\Documents\GitHub\DX11_2D_GameEngine\External\Library\DX11_2D_GameEngine_Lib\Release\DX11_2D_GameEngine_Lib_Release.lib
  .\Project\DX11_2D_GameEngine_Lib\ConstantBuffer.h
  .\Project\DX11_2D_GameEngine_Lib\ConstantStruct.h
  .\Project\DX11_2D_GameEngine_Lib\Define.h
  .\Project\DX11_2D_GameEngine_Lib\DX11Object.h
  .\Project\DX11_2D_GameEngine_Lib\Editor.h
  .\Project\DX11_2D_GameEngine_Lib\Engine.h
  .\Project\DX11_2D_GameEngine_Lib\Enum.h
  .\Project\DX11_2D_GameEngine_Lib\FileManager.h
  .\Project\DX11_2D_GameEngine_Lib\FileStream.h
  .\Project\DX11_2D_GameEngine_Lib\GameObject.h
  .\Project\DX11_2D_GameEngine_Lib\Global.h
  .\Project\DX11_2D_GameEngine_Lib\GraphicsManager.h
  .\Project\DX11_2D_GameEngine_Lib\GUID.h
  .\Project\DX11_2D_GameEngine_Lib\IComponent.h
  .\Project\DX11_2D_GameEngine_Lib\IndexBuffer.h
  .\Project\DX11_2D_GameEngine_Lib\InputLayout.h
  .\Project\DX11_2D_GameEngine_Lib\InputManager.h
  .\Project\DX11_2D_GameEngine_Lib\IObject.h
  .\Project\DX11_2D_GameEngine_Lib\IResource.h
  .\Project\DX11_2D_GameEngine_Lib\IShader.h
  .\Project\DX11_2D_GameEngine_Lib\Mesh.h
  .\Project\DX11_2D_GameEngine_Lib\PixelShader.h
  .\Project\DX11_2D_GameEngine_Lib\Render.h
  .\Project\DX11_2D_GameEngine_Lib\ResourceManager.h
  .\Project\DX11_2D_GameEngine_Lib\Settings.h
  .\Project\DX11_2D_GameEngine_Lib\Shader.h
  .\Project\DX11_2D_GameEngine_Lib\ShaderManager.h
  .\Project\DX11_2D_GameEngine_Lib\Singleton.h
  .\Project\DX11_2D_GameEngine_Lib\stdafx.h
  .\Project\DX11_2D_GameEngine_Lib\Texture.h
  .\Project\DX11_2D_GameEngine_Lib\TimeManager.h
  .\Project\DX11_2D_GameEngine_Lib\Transform.h
  .\Project\DX11_2D_GameEngine_Lib\VertexBuffer.h
  .\Project\DX11_2D_GameEngine_Lib\VertexShader.h
  .\Project\DX11_2D_GameEngine_Lib\VertexStruct.h
  .\Project\DX11_2D_GameEngine_Lib\Window.h
  .\Project\DX11_2D_GameEngine_Lib\Math\Color4.h
  .\Project\DX11_2D_GameEngine_Lib\Math\Math.h
  .\Project\DX11_2D_GameEngine_Lib\Math\Matrix.h
  .\Project\DX11_2D_GameEngine_Lib\Math\Quaternion.h
  .\Project\DX11_2D_GameEngine_Lib\Math\Vector2.h
  .\Project\DX11_2D_GameEngine_Lib\Math\Vector3.h
  .\Project\DX11_2D_GameEngine_Lib\Math\Vector4.h
  43개 파일이 복사되었습니다.
  .\Project\DX11_2D_GameEngine_Lib\Math\Color4.h
  .\Project\DX11_2D_GameEngine_Lib\Math\Math.h
  .\Project\DX11_2D_GameEngine_Lib\Math\Matrix.h
  .\Project\DX11_2D_GameEngine_Lib\Math\Quaternion.h
  .\Project\DX11_2D_GameEngine_Lib\Math\Vector2.h
  .\Project\DX11_2D_GameEngine_Lib\Math\Vector3.h
  .\Project\DX11_2D_GameEngine_Lib\Math\Vector4.h
  7개 파일이 복사되었습니다.
  .\Project\DX11_2D_GameEngine_Lib\ShaderFiles\ConstantBuffer.fx
  .\Project\DX11_2D_GameEngine_Lib\ShaderFiles\DrawLineShader.fx
  .\Project\DX11_2D_GameEngine_Lib\ShaderFiles\TextureShader.fx
  .\Project\DX11_2D_GameEngine_Lib\ShaderFiles\VertexStruct.fx
  4개 파일이 복사되었습니다.
