c:\users\user\documents\github\dx11_2d_gameengine\external\library\dx11_2d_gameengine_lib\debug\dx11_2d_gameengine_lib_debug.pdb
c:\users\user\documents\github\dx11_2d_gameengine\external\library\dx11_2d_gameengine_lib\debug\dx11_2d_gameengine_lib_debug.idb
c:\users\user\documents\github\dx11_2d_gameengine\project\dx11_2d_gameengine_lib\x64\debug\pixelshader.obj
c:\users\user\documents\github\dx11_2d_gameengine\project\dx11_2d_gameengine_lib\x64\debug\gameobject.obj
c:\users\user\documents\github\dx11_2d_gameengine\project\dx11_2d_gameengine_lib\x64\debug\mesh.obj
c:\users\user\documents\github\dx11_2d_gameengine\project\dx11_2d_gameengine_lib\x64\debug\vector4.obj
c:\users\user\documents\github\dx11_2d_gameengine\project\dx11_2d_gameengine_lib\x64\debug\vector3.obj
c:\users\user\documents\github\dx11_2d_gameengine\project\dx11_2d_gameengine_lib\x64\debug\vector2.obj
c:\users\user\documents\github\dx11_2d_gameengine\project\dx11_2d_gameengine_lib\x64\debug\quaternion.obj
c:\users\user\documents\github\dx11_2d_gameengine\project\dx11_2d_gameengine_lib\x64\debug\matrix.obj
c:\users\user\documents\github\dx11_2d_gameengine\project\dx11_2d_gameengine_lib\x64\debug\math.obj
c:\users\user\documents\github\dx11_2d_gameengine\project\dx11_2d_gameengine_lib\x64\debug\color4.obj
c:\users\user\documents\github\dx11_2d_gameengine\project\dx11_2d_gameengine_lib\x64\debug\ishader.obj
c:\users\user\documents\github\dx11_2d_gameengine\project\dx11_2d_gameengine_lib\x64\debug\inputmanager.obj
c:\users\user\documents\github\dx11_2d_gameengine\project\dx11_2d_gameengine_lib\x64\debug\inputlayout.obj
c:\users\user\documents\github\dx11_2d_gameengine\project\dx11_2d_gameengine_lib\x64\debug\indexbuffer.obj
c:\users\user\documents\github\dx11_2d_gameengine\project\dx11_2d_gameengine_lib\x64\debug\graphicsmanager.obj
c:\users\user\documents\github\dx11_2d_gameengine\project\dx11_2d_gameengine_lib\x64\debug\filestream.obj
c:\users\user\documents\github\dx11_2d_gameengine\project\dx11_2d_gameengine_lib\x64\debug\filemanager.obj
c:\users\user\documents\github\dx11_2d_gameengine\project\dx11_2d_gameengine_lib\x64\debug\engine.obj
c:\users\user\documents\github\dx11_2d_gameengine\project\dx11_2d_gameengine_lib\x64\debug\editor.obj
c:\users\user\documents\github\dx11_2d_gameengine\project\dx11_2d_gameengine_lib\x64\debug\constantbuffer.obj
c:\users\user\documents\github\dx11_2d_gameengine\project\dx11_2d_gameengine_lib\x64\debug\vertexshader.obj
c:\users\user\documents\github\dx11_2d_gameengine\project\dx11_2d_gameengine_lib\x64\debug\vertexstruct.obj
c:\users\user\documents\github\dx11_2d_gameengine\project\dx11_2d_gameengine_lib\x64\debug\transform.obj
c:\users\user\documents\github\dx11_2d_gameengine\project\dx11_2d_gameengine_lib\x64\debug\timemanager.obj
c:\users\user\documents\github\dx11_2d_gameengine\project\dx11_2d_gameengine_lib\x64\debug\texture.obj
c:\users\user\documents\github\dx11_2d_gameengine\project\dx11_2d_gameengine_lib\x64\debug\shadermanager.obj
c:\users\user\documents\github\dx11_2d_gameengine\project\dx11_2d_gameengine_lib\x64\debug\shader.obj
c:\users\user\documents\github\dx11_2d_gameengine\project\dx11_2d_gameengine_lib\x64\debug\resourcemanager.obj
c:\users\user\documents\github\dx11_2d_gameengine\project\dx11_2d_gameengine_lib\x64\debug\render.obj
c:\users\user\documents\github\dx11_2d_gameengine\project\dx11_2d_gameengine_lib\x64\debug\samplerstate.obj
c:\users\user\documents\github\dx11_2d_gameengine\external\library\dx11_2d_gameengine_lib\debug\constantbuffer.cso
c:\users\user\documents\github\dx11_2d_gameengine\external\library\dx11_2d_gameengine_lib\debug\drawlineshader.cso
c:\users\user\documents\github\dx11_2d_gameengine\external\library\dx11_2d_gameengine_lib\debug\textureshader.cso
c:\users\user\documents\github\dx11_2d_gameengine\external\library\dx11_2d_gameengine_lib\debug\vertexstruct.cso
c:\users\user\documents\github\dx11_2d_gameengine\external\library\dx11_2d_gameengine_lib\debug\dx11_2d_gameengine_lib_debug.lib
c:\users\user\documents\github\dx11_2d_gameengine\project\dx11_2d_gameengine_lib\x64\debug\dx11_2d_.41df7ecb.tlog\cl.command.1.tlog
c:\users\user\documents\github\dx11_2d_gameengine\project\dx11_2d_gameengine_lib\x64\debug\dx11_2d_.41df7ecb.tlog\cl.read.1.tlog
c:\users\user\documents\github\dx11_2d_gameengine\project\dx11_2d_gameengine_lib\x64\debug\dx11_2d_.41df7ecb.tlog\cl.write.1.tlog
c:\users\user\documents\github\dx11_2d_gameengine\project\dx11_2d_gameengine_lib\x64\debug\dx11_2d_.41df7ecb.tlog\fxc.command.1.tlog
c:\users\user\documents\github\dx11_2d_gameengine\project\dx11_2d_gameengine_lib\x64\debug\dx11_2d_.41df7ecb.tlog\fxc.read.1.tlog
c:\users\user\documents\github\dx11_2d_gameengine\project\dx11_2d_gameengine_lib\x64\debug\dx11_2d_.41df7ecb.tlog\fxc.write.1.tlog
c:\users\user\documents\github\dx11_2d_gameengine\project\dx11_2d_gameengine_lib\x64\debug\dx11_2d_.41df7ecb.tlog\lib-link.read.1.tlog
c:\users\user\documents\github\dx11_2d_gameengine\project\dx11_2d_gameengine_lib\x64\debug\dx11_2d_.41df7ecb.tlog\lib-link.write.1.tlog
c:\users\user\documents\github\dx11_2d_gameengine\project\dx11_2d_gameengine_lib\x64\debug\dx11_2d_.41df7ecb.tlog\lib.command.1.tlog
