  stdafx.cpp
  Animation.cpp
C:\Users\User\Documents\GitHub\DX11_2D_GameEngine\Project\DX11_2D_GameEngine_Lib\Mesh.hpp(74,8): error C2039: 'BindPipeLine': 'Mesh<VertexColorTexture>'의 멤버가 아닙니다.
C:\Users\User\Documents\GitHub\DX11_2D_GameEngine\Project\DX11_2D_GameEngine_Lib\Animation.h(26): message : 'Mesh<VertexColorTexture>' 선언을 참조하십시오.
C:\Users\User\Documents\GitHub\DX11_2D_GameEngine\Project\DX11_2D_GameEngine_Lib\Mesh.hpp(73): message : 클래스 템플릿 멤버 함수 'void Mesh<VertexColorTexture>::Render(void)'을(를) 컴파일하는 중입니다.
C:\Users\User\Documents\GitHub\DX11_2D_GameEngine\Project\DX11_2D_GameEngine_Lib\Animation.cpp(119): message : 컴파일되는 함수 템플릿 인스턴스화 'void Mesh<VertexColorTexture>::Render(void)'에 대한 참조를 확인하세요.
C:\Users\User\Documents\GitHub\DX11_2D_GameEngine\Project\DX11_2D_GameEngine_Lib\Animation.cpp(43): message : 컴파일되는 클래스 템플릿 인스턴스화 'Mesh<VertexColorTexture>'에 대한 참조를 확인하세요.
C:\Users\User\Documents\GitHub\DX11_2D_GameEngine\Project\DX11_2D_GameEngine_Lib\Mesh.hpp(77,1): warning C4267: '인수': 'size_t'에서 'UINT'(으)로 변환하면서 데이터가 손실될 수 있습니다.
  Animator.cpp
C:\Users\User\Documents\GitHub\DX11_2D_GameEngine\Project\DX11_2D_GameEngine_Lib\Animator.cpp(62,1): warning C4506: 'ShaderType Shader::GetShaderType<T>(void)' 인라인 함수에 대한 정의가 없습니다.
          with
          [
              T=PixelShader
          ]
C:\Users\User\Documents\GitHub\DX11_2D_GameEngine\Project\DX11_2D_GameEngine_Lib\Animator.cpp(62,1): warning C4506: 'ShaderType Shader::GetShaderType<T>(void)' 인라인 함수에 대한 정의가 없습니다.
          with
          [
              T=VertexShader
          ]
  Camera.cpp
C:\Users\User\Documents\GitHub\DX11_2D_GameEngine\Project\DX11_2D_GameEngine_Lib\Camera.cpp(63,1): warning C4506: 'ComponentType IObject::GetComponentType<T>(void)' 인라인 함수에 대한 정의가 없습니다.
          with
          [
              T=Transform
          ]
  ConstantBuffer.cpp
  Engine.cpp
  FileManager.cpp
  FileStream.cpp
  GraphicsManager.cpp
  IndexBuffer.cpp
  InputLayout.cpp
  InputManager.cpp
  IObject.cpp
  IShader.cpp
  Layer.cpp
  MainCamera.cpp
C:\Users\User\Documents\GitHub\DX11_2D_GameEngine\Project\DX11_2D_GameEngine_Lib\MainCamera.cpp(18,33): error C2275: 'Transform': 이 형식을 식으로 잘못 사용했습니다.
C:\Users\User\Documents\GitHub\DX11_2D_GameEngine\Project\DX11_2D_GameEngine_Lib\Transform.h(5): message : 'Transform' 선언을 참조하십시오.
C:\Users\User\Documents\GitHub\DX11_2D_GameEngine\Project\DX11_2D_GameEngine_Lib\MainCamera.cpp(18,44): error C2059: 구문 오류: ')'
C:\Users\User\Documents\GitHub\DX11_2D_GameEngine\Project\DX11_2D_GameEngine_Lib\MainCamera.cpp(21,33): error C2275: 'Camera': 이 형식을 식으로 잘못 사용했습니다.
C:\Users\User\Documents\GitHub\DX11_2D_GameEngine\Project\DX11_2D_GameEngine_Lib\Camera.h(4): message : 'Camera' 선언을 참조하십시오.
C:\Users\User\Documents\GitHub\DX11_2D_GameEngine\Project\DX11_2D_GameEngine_Lib\MainCamera.cpp(21,41): error C2059: 구문 오류: ')'
  Color4.cpp
  Math.cpp
  Matrix.cpp
  Quaternion.cpp
  Vector2.cpp
  코드를 생성하고 있습니다...
C:\Users\User\Documents\GitHub\DX11_2D_GameEngine\Project\DX11_2D_GameEngine_Lib\FileManager.cpp(575): warning C4172: 지역 변수 또는 임시: buf의 주소를 반환하고 있습니다.
  컴파일하고 있습니다...
  Vector3.cpp
  Vector4.cpp
  PixelShader.cpp
  Render.cpp
  ResourceManager.cpp
  RockManZ.cpp
C:\Users\User\Documents\GitHub\DX11_2D_GameEngine\Project\DX11_2D_GameEngine_Lib\RockManZ.cpp(18,33): error C2275: 'Transform': 이 형식을 식으로 잘못 사용했습니다.
C:\Users\User\Documents\GitHub\DX11_2D_GameEngine\Project\DX11_2D_GameEngine_Lib\Transform.h(5): message : 'Transform' 선언을 참조하십시오.
C:\Users\User\Documents\GitHub\DX11_2D_GameEngine\Project\DX11_2D_GameEngine_Lib\RockManZ.cpp(18,44): error C2059: 구문 오류: ')'
C:\Users\User\Documents\GitHub\DX11_2D_GameEngine\Project\DX11_2D_GameEngine_Lib\RockManZ.cpp(21,33): error C2275: 'Animator': 이 형식을 식으로 잘못 사용했습니다.
C:\Users\User\Documents\GitHub\DX11_2D_GameEngine\Project\DX11_2D_GameEngine_Lib\Animator.h(8): message : 'Animator' 선언을 참조하십시오.
C:\Users\User\Documents\GitHub\DX11_2D_GameEngine\Project\DX11_2D_GameEngine_Lib\RockManZ.cpp(21,43): error C2059: 구문 오류: ')'
C:\Users\User\Documents\GitHub\DX11_2D_GameEngine\Project\DX11_2D_GameEngine_Lib\RockManZ.cpp(22,40): error C2275: 'Animator': 이 형식을 식으로 잘못 사용했습니다.
C:\Users\User\Documents\GitHub\DX11_2D_GameEngine\Project\DX11_2D_GameEngine_Lib\Animator.h(8): message : 'Animator' 선언을 참조하십시오.
C:\Users\User\Documents\GitHub\DX11_2D_GameEngine\Project\DX11_2D_GameEngine_Lib\RockManZ.cpp(22,50): error C2059: 구문 오류: ')'
C:\Users\User\Documents\GitHub\DX11_2D_GameEngine\Project\DX11_2D_GameEngine_Lib\RockManZ.cpp(30,11): error C3536: 'animator': 초기화되기 전에 사용할 수 없습니다.
C:\Users\User\Documents\GitHub\DX11_2D_GameEngine\Project\DX11_2D_GameEngine_Lib\RockManZ.cpp(48,24): error C2275: 'Animator': 이 형식을 식으로 잘못 사용했습니다.
C:\Users\User\Documents\GitHub\DX11_2D_GameEngine\Project\DX11_2D_GameEngine_Lib\Animator.h(8): message : 'Animator' 선언을 참조하십시오.
C:\Users\User\Documents\GitHub\DX11_2D_GameEngine\Project\DX11_2D_GameEngine_Lib\RockManZ.cpp(48,34): error C2059: 구문 오류: ')'
  SamplerState.cpp
  Scene.cpp
  SceneManager.cpp
  Shader.cpp
  ShaderManager.cpp
  Stage.cpp
  StageManager.cpp
  Texture.cpp
  TimeManager.cpp
  Transform.cpp
  VertexStruct.cpp
  VertexShader.cpp
  코드를 생성하고 있습니다...
C:\Users\User\Documents\GitHub\DX11_2D_GameEngine\Project\DX11_2D_GameEngine_Lib\DX11Object.h(22): warning C4172: 지역 변수 또는 임시의 주소를 반환하고 있습니다.
C:\Users\User\Documents\GitHub\DX11_2D_GameEngine\Project\DX11_2D_GameEngine_Lib\DX11Object.h(29): warning C4172: 지역 변수 또는 임시의 주소를 반환하고 있습니다.
C:\Users\User\Documents\GitHub\DX11_2D_GameEngine\Project\DX11_2D_GameEngine_Lib\DX11Object.h(35): warning C4172: 지역 변수 또는 임시의 주소를 반환하고 있습니다.
C:\Users\User\Documents\GitHub\DX11_2D_GameEngine\Project\DX11_2D_GameEngine_Lib\Transform.h(86): warning C4172: 지역 변수 또는 임시의 주소를 반환하고 있습니다.
C:\Users\User\Documents\GitHub\DX11_2D_GameEngine\Project\DX11_2D_GameEngine_Lib\DX11Object.h(22): warning C4172: 지역 변수 또는 임시의 주소를 반환하고 있습니다.
C:\Users\User\Documents\GitHub\DX11_2D_GameEngine\Project\DX11_2D_GameEngine_Lib\DX11Object.h(29): warning C4172: 지역 변수 또는 임시의 주소를 반환하고 있습니다.
C:\Users\User\Documents\GitHub\DX11_2D_GameEngine\Project\DX11_2D_GameEngine_Lib\DX11Object.h(35): warning C4172: 지역 변수 또는 임시의 주소를 반환하고 있습니다.
C:\Users\User\Documents\GitHub\DX11_2D_GameEngine\Project\DX11_2D_GameEngine_Lib\Texture.cpp(111): warning C4172: 지역 변수 또는 임시의 주소를 반환하고 있습니다.
C:\Users\User\Documents\GitHub\DX11_2D_GameEngine\Project\DX11_2D_GameEngine_Lib\Texture.cpp(18): warning C4172: 지역 변수 또는 임시의 주소를 반환하고 있습니다.
C:\Users\User\Documents\GitHub\DX11_2D_GameEngine\Project\DX11_2D_GameEngine_Lib\Texture.cpp(32): warning C4172: 지역 변수 또는 임시의 주소를 반환하고 있습니다.
C:\Users\User\Documents\GitHub\DX11_2D_GameEngine\Project\DX11_2D_GameEngine_Lib\Texture.cpp(117): warning C4172: 지역 변수 또는 임시의 주소를 반환하고 있습니다.
C:\Users\User\Documents\GitHub\DX11_2D_GameEngine\Project\DX11_2D_GameEngine_Lib\Texture.cpp(59): warning C4172: 지역 변수 또는 임시의 주소를 반환하고 있습니다.
C:\Users\User\Documents\GitHub\DX11_2D_GameEngine\Project\DX11_2D_GameEngine_Lib\Texture.cpp(123): warning C4172: 지역 변수 또는 임시의 주소를 반환하고 있습니다.
C:\Users\User\Documents\GitHub\DX11_2D_GameEngine\Project\DX11_2D_GameEngine_Lib\Texture.cpp(61): warning C4172: 지역 변수 또는 임시의 주소를 반환하고 있습니다.
C:\Users\User\Documents\GitHub\DX11_2D_GameEngine\Project\DX11_2D_GameEngine_Lib\Texture.cpp(126): warning C4172: 지역 변수 또는 임시의 주소를 반환하고 있습니다.
C:\Users\User\Documents\GitHub\DX11_2D_GameEngine\Project\DX11_2D_GameEngine_Lib\DX11Object.h(22): warning C4172: 지역 변수 또는 임시의 주소를 반환하고 있습니다.
C:\Users\User\Documents\GitHub\DX11_2D_GameEngine\Project\DX11_2D_GameEngine_Lib\DX11Object.h(29): warning C4172: 지역 변수 또는 임시의 주소를 반환하고 있습니다.
C:\Users\User\Documents\GitHub\DX11_2D_GameEngine\Project\DX11_2D_GameEngine_Lib\DX11Object.h(35): warning C4172: 지역 변수 또는 임시의 주소를 반환하고 있습니다.
C:\Users\User\Documents\GitHub\DX11_2D_GameEngine\Project\DX11_2D_GameEngine_Lib\Shader.cpp(21): warning C4172: 지역 변수 또는 임시의 주소를 반환하고 있습니다.
C:\Users\User\Documents\GitHub\DX11_2D_GameEngine\Project\DX11_2D_GameEngine_Lib\DX11Object.h(22): warning C4172: 지역 변수 또는 임시의 주소를 반환하고 있습니다.
C:\Users\User\Documents\GitHub\DX11_2D_GameEngine\Project\DX11_2D_GameEngine_Lib\DX11Object.h(29): warning C4172: 지역 변수 또는 임시의 주소를 반환하고 있습니다.
C:\Users\User\Documents\GitHub\DX11_2D_GameEngine\Project\DX11_2D_GameEngine_Lib\DX11Object.h(35): warning C4172: 지역 변수 또는 임시의 주소를 반환하고 있습니다.
C:\Users\User\Documents\GitHub\DX11_2D_GameEngine\Project\DX11_2D_GameEngine_Lib\DX11Object.h(22): warning C4172: 지역 변수 또는 임시의 주소를 반환하고 있습니다.
C:\Users\User\Documents\GitHub\DX11_2D_GameEngine\Project\DX11_2D_GameEngine_Lib\DX11Object.h(29): warning C4172: 지역 변수 또는 임시의 주소를 반환하고 있습니다.
C:\Users\User\Documents\GitHub\DX11_2D_GameEngine\Project\DX11_2D_GameEngine_Lib\DX11Object.h(35): warning C4172: 지역 변수 또는 임시의 주소를 반환하고 있습니다.
